
**** Build of configuration gcc-debug for project ib ****

make MODE=debug CONFIGNAME=gcc-debug all 
g++ -c -g -Wall -fPIC  -fno-stack-protector -DHAVE_SWAPCONTEXT -DXMLPARSER=expat -DWITH_PARSIM -DWITH_NETBUILDER  -I. -Iexamples -Iexamples/is1_1l_8n -Iexamples/is1_1l_8n/results -Iexamples/is1_2l_8n -Iexamples/is1_3h_2s -Iexamples/is1_3l_32n -Iexamples/is4_3l_1944n -I/opt/ib/sim/omnetpp/include -o out/gcc-debug//gen.o gen.cc
make: g++: Command not found
make: *** [Makefile:111: out/gcc-debug//gen.o] Error 127

**** Build Finished ****

**** Build of configuration gcc-debug for project ib ****

make MODE=debug CONFIGNAME=gcc-debug all 
g++ -c -g -Wall -fPIC  -fno-stack-protector -DHAVE_SWAPCONTEXT -DXMLPARSER=expat -DWITH_PARSIM -DWITH_NETBUILDER  -I. -Iexamples -Iexamples/is1_1l_8n -Iexamples/is1_1l_8n/results -Iexamples/is1_2l_8n -Iexamples/is1_3h_2s -Iexamples/is1_3l_32n -Iexamples/is4_3l_1944n -I/opt/ib/sim/omnetpp/include -o out/gcc-debug//gen.o gen.cc
make: g++: Command not found
make: *** [Makefile:111: out/gcc-debug//gen.o] Error 127

**** Build Finished ****

**** Build of configuration gcc-debug for project ib ****

make MODE=debug CONFIGNAME=gcc-debug all 
g++ -c -g -Wall -fPIC  -fno-stack-protector -DHAVE_SWAPCONTEXT -DXMLPARSER=expat -DWITH_PARSIM -DWITH_NETBUILDER  -I. -Iexamples -Iexamples/is1_1l_8n -Iexamples/is1_1l_8n/results -Iexamples/is1_2l_8n -Iexamples/is1_3h_2s -Iexamples/is1_3l_32n -Iexamples/is4_3l_1944n -I/opt/ib/sim/omnetpp/include -o out/gcc-debug//gen.o gen.cc
make: g++: Command not found
make: *** [Makefile:111: out/gcc-debug//gen.o] Error 127

**** Build Finished ****

**** Build of configuration gcc-debug for project ib ****

make MODE=debug CONFIGNAME=gcc-debug all 
g++ -c -g -Wall -fPIC  -fno-stack-protector -DHAVE_SWAPCONTEXT -DXMLPARSER=expat -DWITH_PARSIM -DWITH_NETBUILDER  -I. -Iexamples -Iexamples/is1_1l_8n -Iexamples/is1_1l_8n/results -Iexamples/is1_2l_8n -Iexamples/is1_3h_2s -Iexamples/is1_3l_32n -Iexamples/is4_3l_1944n -I/opt/ib/sim/omnetpp/include -o out/gcc-debug//gen.o gen.cc
make: g++: Command not found
make: *** [Makefile:111: out/gcc-debug//gen.o] Error 127

**** Build Finished ****

**** Build of configuration gcc-debug for project ib ****

make MODE=debug CONFIGNAME=gcc-debug all 
g++ -c -g -Wall -fPIC  -fno-stack-protector -DHAVE_SWAPCONTEXT -DXMLPARSER=expat -DWITH_PARSIM -DWITH_NETBUILDER  -I. -Iexamples -Iexamples/is1_1l_8n -Iexamples/is1_1l_8n/results -Iexamples/is1_2l_8n -Iexamples/is1_3h_2s -Iexamples/is1_3l_32n -Iexamples/is4_3l_1944n -I/opt/ib/sim/omnetpp/include -o out/gcc-debug//gen.o gen.cc
make: g++: Command not found
make: *** [Makefile:111: out/gcc-debug//gen.o] Error 127

**** Build Finished ****

**** Build of configuration gcc-debug for project ib ****

make MODE=debug CONFIGNAME=gcc-debug all 
g++ -c -g -Wall -fPIC  -fno-stack-protector -DHAVE_SWAPCONTEXT -DXMLPARSER=expat -DWITH_PARSIM -DWITH_NETBUILDER  -I. -Iexamples -Iexamples/is1_1l_8n -Iexamples/is1_1l_8n/results -Iexamples/is1_2l_8n -Iexamples/is1_3h_2s -Iexamples/is1_3l_32n -Iexamples/is4_3l_1944n -I/opt/ib/sim/omnetpp/include -o out/gcc-debug//gen.o gen.cc
make: g++: Command not found
make: *** [Makefile:111: out/gcc-debug//gen.o] Error 127

**** Build Finished ****

**** Build of configuration gcc-debug for project ib ****

make MODE=debug CONFIGNAME=gcc-debug all 
g++ -c -g -Wall -fPIC  -fno-stack-protector -DHAVE_SWAPCONTEXT -DXMLPARSER=expat -DWITH_PARSIM -DWITH_NETBUILDER  -I. -Iexamples -Iexamples/is1_1l_8n -Iexamples/is1_1l_8n/results -Iexamples/is1_2l_8n -Iexamples/is1_3h_2s -Iexamples/is1_3l_32n -Iexamples/is4_3l_1944n -I/opt/ib/sim/omnetpp/include -o out/gcc-debug//gen.o gen.cc
make: g++: Command not found
make: *** [Makefile:111: out/gcc-debug//gen.o] Error 127

**** Build Finished ****

**** Build of configuration gcc-debug for project ib ****

make MODE=debug CONFIGNAME=gcc-debug all 
g++ -c -g -Wall -fPIC  -fno-stack-protector -DHAVE_SWAPCONTEXT -DXMLPARSER=expat -DWITH_PARSIM -DWITH_NETBUILDER  -I. -Iexamples -Iexamples/is1_1l_8n -Iexamples/is1_1l_8n/results -Iexamples/is1_2l_8n -Iexamples/is1_2l_8n/results -Iexamples/is1_3h_2s -Iexamples/is1_3l_32n -Iexamples/is4_3l_1944n -I/opt/ib/sim/omnetpp/include -o out/gcc-debug//gen.o gen.cc
make: g++: Command not found
make: *** [Makefile:112: out/gcc-debug//gen.o] Error 127

**** Build Finished ****

**** Build of configuration gcc-debug for project ib ****

make MODE=debug CONFIGNAME=gcc-debug all 
g++ -c -g -Wall -fPIC  -fno-stack-protector -DHAVE_SWAPCONTEXT -DXMLPARSER=expat -DWITH_PARSIM -DWITH_NETBUILDER  -I. -Iexamples -Iexamples/is1_1l_8n -Iexamples/is1_1l_8n/results -Iexamples/is1_2l_8n -Iexamples/is1_2l_8n/results -Iexamples/is1_3h_2s -Iexamples/is1_3l_32n -Iexamples/is4_3l_1944n -I/opt/ib/sim/omnetpp/include -o out/gcc-debug//gen.o gen.cc
make: g++: Command not found
make: *** [Makefile:112: out/gcc-debug//gen.o] Error 127

**** Build Finished ****

**** Build of configuration gcc-debug for project ib ****

make MODE=debug CONFIGNAME=gcc-debug all 
make: g++: Command not found
g++ -c -g -Wall -fPIC  -fno-stack-protector -DHAVE_SWAPCONTEXT -DXMLPARSER=expat -DWITH_PARSIM -DWITH_NETBUILDER  -I. -Iexamples -Iexamples/is1_1l_8n -Iexamples/is1_1l_8n/results -Iexamples/is1_2l_8n -Iexamples/is1_2l_8n/results -Iexamples/is1_3h_2s -Iexamples/is1_3l_32n -Iexamples/is4_3l_1944n -I/opt/ib/sim/omnetpp/include -o out/gcc-debug//gen.o gen.cc
make: *** [Makefile:112: out/gcc-debug//gen.o] Error 127

**** Build Finished ****

**** Build of configuration gcc-debug for project ib ****

make MODE=debug CONFIGNAME=gcc-debug all 
g++ -c -g -Wall -fPIC  -fno-stack-protector -DHAVE_SWAPCONTEXT -DXMLPARSER=expat -DWITH_PARSIM -DWITH_NETBUILDER  -I. -Iexamples -Iexamples/is1_1l_8n -Iexamples/is1_1l_8n/results -Iexamples/is1_2l_8n -Iexamples/is1_2l_8n/results -Iexamples/is1_3h_2s -Iexamples/is1_3l_32n -Iexamples/is4_3l_1944n -I/opt/ib/sim/omnetpp/include -o out/gcc-debug//gen.o gen.cc
make: g++: Command not found
make: *** [Makefile:112: out/gcc-debug//gen.o] Error 127

**** Build Finished ****

**** Build of configuration gcc-debug for project ib ****

make MODE=debug CONFIGNAME=gcc-debug all 
g++ -c -g -Wall -fPIC  -fno-stack-protector -DHAVE_SWAPCONTEXT -DXMLPARSER=expat -DWITH_PARSIM -DWITH_NETBUILDER  -I. -Iexamples -Iexamples/is1_1l_8n -Iexamples/is1_1l_8n/results -Iexamples/is1_2l_8n -Iexamples/is1_2l_8n/results -Iexamples/is1_3h_2s -Iexamples/is1_3l_32n -Iexamples/is4_3l_1944n -I/opt/ib/sim/omnetpp/include -o out/gcc-debug//gen.o gen.cc
make: g++: Command not found
make: *** [Makefile:112: out/gcc-debug//gen.o] Error 127

**** Build Finished ****

**** Build of configuration gcc-debug for project ib ****

make MODE=debug CONFIGNAME=gcc-debug all 
g++ -c -g -Wall -fPIC  -fno-stack-protector -DHAVE_SWAPCONTEXT -DXMLPARSER=expat -DWITH_PARSIM -DWITH_NETBUILDER  -I. -Iexamples -Iexamples/is1_1l_8n -Iexamples/is1_1l_8n/results -Iexamples/is1_2l_8n -Iexamples/is1_2l_8n/results -Iexamples/is1_3h_2s -Iexamples/is1_3l_32n -Iexamples/is4_3l_1944n -I/opt/ib/sim/omnetpp/include -o out/gcc-debug//gen.o gen.cc
g++ -c -g -Wall -fPIC  -fno-stack-protector -DHAVE_SWAPCONTEXT -DXMLPARSER=expat -DWITH_PARSIM -DWITH_NETBUILDER  -I. -Iexamples -Iexamples/is1_1l_8n -Iexamples/is1_1l_8n/results -Iexamples/is1_2l_8n -Iexamples/is1_2l_8n/results -Iexamples/is1_3h_2s -Iexamples/is1_3l_32n -Iexamples/is4_3l_1944n -I/opt/ib/sim/omnetpp/include -o out/gcc-debug//ibuf.o ibuf.cc
g++ -c -g -Wall -fPIC  -fno-stack-protector -DHAVE_SWAPCONTEXT -DXMLPARSER=expat -DWITH_PARSIM -DWITH_NETBUILDER  -I. -Iexamples -Iexamples/is1_1l_8n -Iexamples/is1_1l_8n/results -Iexamples/is1_2l_8n -Iexamples/is1_2l_8n/results -Iexamples/is1_3h_2s -Iexamples/is1_3l_32n -Iexamples/is4_3l_1944n -I/opt/ib/sim/omnetpp/include -o out/gcc-debug//vlarb.o vlarb.cc
g++ -c -g -Wall -fPIC  -fno-stack-protector -DHAVE_SWAPCONTEXT -DXMLPARSER=expat -DWITH_PARSIM -DWITH_NETBUILDER  -I. -Iexamples -Iexamples/is1_1l_8n -Iexamples/is1_1l_8n/results -Iexamples/is1_2l_8n -Iexamples/is1_2l_8n/results -Iexamples/is1_3h_2s -Iexamples/is1_3l_32n -Iexamples/is4_3l_1944n -I/opt/ib/sim/omnetpp/include -o out/gcc-debug//vec_file.o vec_file.cc
g++ -c -g -Wall -fPIC  -fno-stack-protector -DHAVE_SWAPCONTEXT -DXMLPARSER=expat -DWITH_PARSIM -DWITH_NETBUILDER  -I. -Iexamples -Iexamples/is1_1l_8n -Iexamples/is1_1l_8n/results -Iexamples/is1_2l_8n -Iexamples/is1_2l_8n/results -Iexamples/is1_3h_2s -Iexamples/is1_3l_32n -Iexamples/is4_3l_1944n -I/opt/ib/sim/omnetpp/include -o out/gcc-debug//app.o app.cc
g++ -c -g -Wall -fPIC  -fno-stack-protector -DHAVE_SWAPCONTEXT -DXMLPARSER=expat -DWITH_PARSIM -DWITH_NETBUILDER  -I. -Iexamples -Iexamples/is1_1l_8n -Iexamples/is1_1l_8n/results -Iexamples/is1_2l_8n -Iexamples/is1_2l_8n/results -Iexamples/is1_3h_2s -Iexamples/is1_3l_32n -Iexamples/is4_3l_1944n -I/opt/ib/sim/omnetpp/include -o out/gcc-debug//obuf.o obuf.cc
g++ -c -g -Wall -fPIC  -fno-stack-protector -DHAVE_SWAPCONTEXT -DXMLPARSER=expat -DWITH_PARSIM -DWITH_NETBUILDER  -I. -Iexamples -Iexamples/is1_1l_8n -Iexamples/is1_1l_8n/results -Iexamples/is1_2l_8n -Iexamples/is1_2l_8n/results -Iexamples/is1_3h_2s -Iexamples/is1_3l_32n -Iexamples/is4_3l_1944n -I/opt/ib/sim/omnetpp/include -o out/gcc-debug//sink.o sink.cc
g++ -c -g -Wall -fPIC  -fno-stack-protector -DHAVE_SWAPCONTEXT -DXMLPARSER=expat -DWITH_PARSIM -DWITH_NETBUILDER  -I. -Iexamples -Iexamples/is1_1l_8n -Iexamples/is1_1l_8n/results -Iexamples/is1_2l_8n -Iexamples/is1_2l_8n/results -Iexamples/is1_3h_2s -Iexamples/is1_3l_32n -Iexamples/is4_3l_1944n -I/opt/ib/sim/omnetpp/include -o out/gcc-debug//pktfwd.o pktfwd.cc
g++ -c -g -Wall -fPIC  -fno-stack-protector -DHAVE_SWAPCONTEXT -DXMLPARSER=expat -DWITH_PARSIM -DWITH_NETBUILDER  -I. -Iexamples -Iexamples/is1_1l_8n -Iexamples/is1_1l_8n/results -Iexamples/is1_2l_8n -Iexamples/is1_2l_8n/results -Iexamples/is1_3h_2s -Iexamples/is1_3l_32n -Iexamples/is4_3l_1944n -I/opt/ib/sim/omnetpp/include -o out/gcc-debug//ib_m.o ib_m.cc
g++ -Wl,--export-dynamic  -Wl,-rpath,/opt/ib/sim/omnetpp/lib -Wl,-rpath,. -o out/gcc-debug//ib  out/gcc-debug//gen.o out/gcc-debug//ibuf.o out/gcc-debug//vlarb.o out/gcc-debug//vec_file.o out/gcc-debug//app.o out/gcc-debug//obuf.o out/gcc-debug//sink.o out/gcc-debug//pktfwd.o out/gcc-debug//ib_m.o  -Wl,--no-as-needed -Wl,--whole-archive  -Wl,--no-whole-archive -L"/opt/ib/sim/omnetpp/lib/gcc" -L"/opt/ib/sim/omnetpp/lib" -loppmaind -u _tkenv_lib -Wl,--no-as-needed -lopptkenvd -loppenvird -lopplayoutd -u _cmdenv_lib -Wl,--no-as-needed -loppcmdenvd -loppenvird  -loppsimd -ldl -lstdc++ 
/usr/bin/ld: cannot find -lopptkenvd
collect2: error: ld returned 1 exit status
make: *** [Makefile:104: out/gcc-debug//ib] Error 1

**** Build Finished ****

**** Build of configuration gcc-debug for project ib ****

make MODE=debug CONFIGNAME=gcc-debug all 
g++ -Wl,--export-dynamic  -Wl,-rpath,/opt/ib/sim/omnetpp/lib -Wl,-rpath,. -o out/gcc-debug//ib  out/gcc-debug//gen.o out/gcc-debug//ibuf.o out/gcc-debug//vlarb.o out/gcc-debug//vec_file.o out/gcc-debug//app.o out/gcc-debug//obuf.o out/gcc-debug//sink.o out/gcc-debug//pktfwd.o out/gcc-debug//ib_m.o  -Wl,--no-as-needed -Wl,--whole-archive  -Wl,--no-whole-archive -L"/opt/ib/sim/omnetpp/lib/gcc" -L"/opt/ib/sim/omnetpp/lib" -loppmaind -u _tkenv_lib -Wl,--no-as-needed -lopptkenvd -loppenvird -lopplayoutd -u _cmdenv_lib -Wl,--no-as-needed -loppcmdenvd -loppenvird  -loppsimd -ldl -lstdc++ 
/usr/bin/ld: cannot find -lopptkenvd
collect2: error: ld returned 1 exit status
make: *** [Makefile:104: out/gcc-debug//ib] Error 1

**** Build Finished ****

**** Build of configuration gcc-debug for project ib ****

make MODE=debug CONFIGNAME=gcc-debug all 
g++ -Wl,--export-dynamic  -Wl,-rpath,/opt/ib/sim/omnetpp/lib -Wl,-rpath,. -o out/gcc-debug//ib  out/gcc-debug//gen.o out/gcc-debug//ibuf.o out/gcc-debug//vlarb.o out/gcc-debug//vec_file.o out/gcc-debug//app.o out/gcc-debug//obuf.o out/gcc-debug//sink.o out/gcc-debug//pktfwd.o out/gcc-debug//ib_m.o  -Wl,--no-as-needed -Wl,--whole-archive  -Wl,--no-whole-archive -L"/opt/ib/sim/omnetpp/lib/gcc" -L"/opt/ib/sim/omnetpp/lib" -loppmaind -u _tkenv_lib -Wl,--no-as-needed -lopptkenvd -loppenvird -lopplayoutd -u _cmdenv_lib -Wl,--no-as-needed -loppcmdenvd -loppenvird  -loppsimd -ldl -lstdc++ 
/usr/bin/ld: cannot find -lopptkenvd
collect2: error: ld returned 1 exit status
make: *** [Makefile:104: out/gcc-debug//ib] Error 1

**** Build Finished ****

**** Build of configuration gcc-debug for project ib ****

make MODE=debug CONFIGNAME=gcc-debug all 
g++ -Wl,--export-dynamic  -Wl,-rpath,/opt/ib/sim/omnetpp/lib -Wl,-rpath,. -o out/gcc-debug//ib  out/gcc-debug//gen.o out/gcc-debug//ibuf.o out/gcc-debug//vlarb.o out/gcc-debug//vec_file.o out/gcc-debug//app.o out/gcc-debug//obuf.o out/gcc-debug//sink.o out/gcc-debug//pktfwd.o out/gcc-debug//ib_m.o  -Wl,--no-as-needed -Wl,--whole-archive  -Wl,--no-whole-archive -L"/opt/ib/sim/omnetpp/lib/gcc" -L"/opt/ib/sim/omnetpp/lib" -loppmaind -u _tkenv_lib -Wl,--no-as-needed -lopptkenvd -loppenvird -lopplayoutd -u _cmdenv_lib -Wl,--no-as-needed -loppcmdenvd -loppenvird  -loppsimd -ldl -lstdc++ 
/usr/bin/ld: cannot find -lopptkenvd
collect2: error: ld returned 1 exit status
make: *** [Makefile:104: out/gcc-debug//ib] Error 1

**** Build Finished ****

**** Build of configuration gcc-debug for project ib ****

make MODE=debug CONFIGNAME=gcc-debug all 
g++ -Wl,--export-dynamic  -Wl,-rpath,/opt/ib/sim/omnetpp/lib -Wl,-rpath,. -o out/gcc-debug//ib  out/gcc-debug//gen.o out/gcc-debug//ibuf.o out/gcc-debug//vlarb.o out/gcc-debug//vec_file.o out/gcc-debug//app.o out/gcc-debug//obuf.o out/gcc-debug//sink.o out/gcc-debug//pktfwd.o out/gcc-debug//ib_m.o  -Wl,--no-as-needed -Wl,--whole-archive  -Wl,--no-whole-archive -L"/opt/ib/sim/omnetpp/lib/gcc" -L"/opt/ib/sim/omnetpp/lib" -loppmaind -u _cmdenv_lib -Wl,--no-as-needed -loppcmdenvd -loppenvird  -loppsimd -ldl -lstdc++ 
ln -sf out/gcc-debug//ib .

**** Build Finished ****

**** Build of configuration gcc-debug for project ib ****

make MODE=debug CONFIGNAME=gcc-debug all 
ln -sf out/gcc-debug//ib .

**** Build Finished ****

**** Build of configuration gcc-debug for project ib ****

make MODE=debug CONFIGNAME=gcc-debug all 
ln -sf out/gcc-debug//ib .

**** Build Finished ****

**** Build of configuration gcc-debug for project ib ****

make MODE=debug CONFIGNAME=gcc-debug all 
ln -sf out/gcc-debug//ib .

**** Build Finished ****

**** Build of configuration gcc-debug for project ib ****

make MODE=debug CONFIGNAME=gcc-debug all 
ln -sf out/gcc-debug//ib .

**** Build Finished ****

**** Build of configuration gcc-debug for project ib ****

make MODE=debug CONFIGNAME=gcc-debug all 
g++ -c -g -Wall -fPIC  -fno-stack-protector -DHAVE_SWAPCONTEXT -DXMLPARSER=expat -DWITH_PARSIM -DWITH_NETBUILDER  -I. -Iexamples -Iexamples/is1_1l_8n -Iexamples/is1_1l_8n/results -Iexamples/is1_2l_8n -Iexamples/is1_2l_8n/results -Iexamples/is1_3h_2s -Iexamples/is1_3l_32n -Iexamples/is4_3l_1944n -I/opt/ib/sim/omnetpp/include -o out/gcc-debug//ibuf.o ibuf.cc
g++ -c -g -Wall -fPIC  -fno-stack-protector -DHAVE_SWAPCONTEXT -DXMLPARSER=expat -DWITH_PARSIM -DWITH_NETBUILDER  -I. -Iexamples -Iexamples/is1_1l_8n -Iexamples/is1_1l_8n/results -Iexamples/is1_2l_8n -Iexamples/is1_2l_8n/results -Iexamples/is1_3h_2s -Iexamples/is1_3l_32n -Iexamples/is4_3l_1944n -I/opt/ib/sim/omnetpp/include -o out/gcc-debug//obuf.o obuf.cc
g++ -Wl,--export-dynamic  -Wl,-rpath,/opt/ib/sim/omnetpp/lib -Wl,-rpath,. -o out/gcc-debug//ib  out/gcc-debug//gen.o out/gcc-debug//ibuf.o out/gcc-debug//vlarb.o out/gcc-debug//vec_file.o out/gcc-debug//app.o out/gcc-debug//obuf.o out/gcc-debug//sink.o out/gcc-debug//pktfwd.o out/gcc-debug//ib_m.o  -Wl,--no-as-needed -Wl,--whole-archive  -Wl,--no-whole-archive -L"/opt/ib/sim/omnetpp/lib/gcc" -L"/opt/ib/sim/omnetpp/lib" -loppmaind -u _cmdenv_lib -Wl,--no-as-needed -loppcmdenvd -loppenvird  -loppsimd -ldl -lstdc++ 
ln -sf out/gcc-debug//ib .

**** Build Finished ****

**** Build of configuration gcc-debug for project ib ****

make MODE=debug CONFIGNAME=gcc-debug all 
ln -sf out/gcc-debug//ib .

**** Build Finished ****

**** Build of configuration gcc-debug for project ib ****

make MODE=debug CONFIGNAME=gcc-debug all 
g++ -c -g -Wall -fPIC  -fno-stack-protector -DHAVE_SWAPCONTEXT -DXMLPARSER=expat -DWITH_PARSIM -DWITH_NETBUILDER  -I. -Iexamples -Iexamples/is1_1l_8n -Iexamples/is1_1l_8n/results -Iexamples/is1_2l_8n -Iexamples/is1_2l_8n/results -Iexamples/is1_3h_2s -Iexamples/is1_3l_32n -Iexamples/is4_3l_1944n -I/opt/ib/sim/omnetpp/include -o out/gcc-debug//obuf.o obuf.cc
obuf.cc: In member function ‘virtual void IBOutBuf::finish()’:
obuf.cc:365:59: error: ‘simeTime’ was not declared in this scope
    EV << "Avg: "  << packetStoreHist.getMean() / simeTime().getScale() << endl;
                                                           ^
make: *** [Makefile:112: out/gcc-debug//obuf.o] Error 1

**** Build Finished ****

**** Build of configuration gcc-debug for project ib ****

make MODE=debug CONFIGNAME=gcc-debug all 
g++ -c -g -Wall -fPIC  -fno-stack-protector -DHAVE_SWAPCONTEXT -DXMLPARSER=expat -DWITH_PARSIM -DWITH_NETBUILDER  -I. -Iexamples -Iexamples/is1_1l_8n -Iexamples/is1_1l_8n/results -Iexamples/is1_2l_8n -Iexamples/is1_2l_8n/results -Iexamples/is1_3h_2s -Iexamples/is1_3l_32n -Iexamples/is4_3l_1944n -I/opt/ib/sim/omnetpp/include -o out/gcc-debug//obuf.o obuf.cc
g++ -Wl,--export-dynamic  -Wl,-rpath,/opt/ib/sim/omnetpp/lib -Wl,-rpath,. -o out/gcc-debug//ib  out/gcc-debug//gen.o out/gcc-debug//ibuf.o out/gcc-debug//vlarb.o out/gcc-debug//vec_file.o out/gcc-debug//app.o out/gcc-debug//obuf.o out/gcc-debug//sink.o out/gcc-debug//pktfwd.o out/gcc-debug//ib_m.o  -Wl,--no-as-needed -Wl,--whole-archive  -Wl,--no-whole-archive -L"/opt/ib/sim/omnetpp/lib/gcc" -L"/opt/ib/sim/omnetpp/lib" -loppmaind -u _cmdenv_lib -Wl,--no-as-needed -loppcmdenvd -loppenvird  -loppsimd -ldl -lstdc++ 
ln -sf out/gcc-debug//ib .

**** Build Finished ****

**** Build of configuration gcc-debug for project ib ****

make MODE=debug CONFIGNAME=gcc-debug all 
g++ -c -g -Wall -fPIC  -fno-stack-protector -DHAVE_SWAPCONTEXT -DXMLPARSER=expat -DWITH_PARSIM -DWITH_NETBUILDER  -I. -Iexamples -Iexamples/is1_1l_8n -Iexamples/is1_1l_8n/results -Iexamples/is1_2l_8n -Iexamples/is1_2l_8n/results -Iexamples/is1_3h_2s -Iexamples/is1_3l_32n -Iexamples/is4_3l_1944n -I/opt/ib/sim/omnetpp/include -o out/gcc-debug//obuf.o obuf.cc
obuf.cc: In member function ‘virtual void IBOutBuf::finish()’:
obuf.cc:363:47: error: ‘simeTime’ was not declared in this scope
    EV << "   Data Packet Q time " << simeTime().getScale() << endl;
                                               ^
make: *** [Makefile:112: out/gcc-debug//obuf.o] Error 1

**** Build Finished ****

**** Build of configuration gcc-debug for project ib ****

make MODE=debug CONFIGNAME=gcc-debug all 
g++ -c -g -Wall -fPIC  -fno-stack-protector -DHAVE_SWAPCONTEXT -DXMLPARSER=expat -DWITH_PARSIM -DWITH_NETBUILDER  -I. -Iexamples -Iexamples/is1_1l_8n -Iexamples/is1_1l_8n/results -Iexamples/is1_2l_8n -Iexamples/is1_2l_8n/results -Iexamples/is1_3h_2s -Iexamples/is1_3l_32n -Iexamples/is4_3l_1944n -I/opt/ib/sim/omnetpp/include -o out/gcc-debug//obuf.o obuf.cc
g++ -Wl,--export-dynamic  -Wl,-rpath,/opt/ib/sim/omnetpp/lib -Wl,-rpath,. -o out/gcc-debug//ib  out/gcc-debug//gen.o out/gcc-debug//ibuf.o out/gcc-debug//vlarb.o out/gcc-debug//vec_file.o out/gcc-debug//app.o out/gcc-debug//obuf.o out/gcc-debug//sink.o out/gcc-debug//pktfwd.o out/gcc-debug//ib_m.o  -Wl,--no-as-needed -Wl,--whole-archive  -Wl,--no-whole-archive -L"/opt/ib/sim/omnetpp/lib/gcc" -L"/opt/ib/sim/omnetpp/lib" -loppmaind -u _cmdenv_lib -Wl,--no-as-needed -loppcmdenvd -loppenvird  -loppsimd -ldl -lstdc++ 
ln -sf out/gcc-debug//ib .

**** Build Finished ****

**** Build of configuration gcc-debug for project ib ****

make MODE=debug CONFIGNAME=gcc-debug all 
g++ -c -g -Wall -fPIC  -fno-stack-protector -DHAVE_SWAPCONTEXT -DXMLPARSER=expat -DWITH_PARSIM -DWITH_NETBUILDER  -I. -Iexamples -Iexamples/is1_1l_8n -Iexamples/is1_1l_8n/results -Iexamples/is1_2l_8n -Iexamples/is1_2l_8n/results -Iexamples/is1_3h_2s -Iexamples/is1_3l_32n -Iexamples/is4_3l_1944n -I/opt/ib/sim/omnetpp/include -o out/gcc-debug//obuf.o obuf.cc
g++ -Wl,--export-dynamic  -Wl,-rpath,/opt/ib/sim/omnetpp/lib -Wl,-rpath,. -o out/gcc-debug//ib  out/gcc-debug//gen.o out/gcc-debug//ibuf.o out/gcc-debug//vlarb.o out/gcc-debug//vec_file.o out/gcc-debug//app.o out/gcc-debug//obuf.o out/gcc-debug//sink.o out/gcc-debug//pktfwd.o out/gcc-debug//ib_m.o  -Wl,--no-as-needed -Wl,--whole-archive  -Wl,--no-whole-archive -L"/opt/ib/sim/omnetpp/lib/gcc" -L"/opt/ib/sim/omnetpp/lib" -loppmaind -u _cmdenv_lib -Wl,--no-as-needed -loppcmdenvd -loppenvird  -loppsimd -ldl -lstdc++ 
ln -sf out/gcc-debug//ib .

**** Build Finished ****

**** Build of configuration gcc-debug for project ib ****

make MODE=debug CONFIGNAME=gcc-debug all 
ln -sf out/gcc-debug//ib .

**** Build Finished ****

**** Build of configuration gcc-debug for project ib ****

make MODE=debug CONFIGNAME=gcc-debug all 
ln -sf out/gcc-debug//ib .

**** Build Finished ****

**** Build of configuration gcc-debug for project ib ****

make MODE=debug CONFIGNAME=gcc-debug all 
ln -sf out/gcc-debug//ib .

**** Build Finished ****

**** Build of configuration gcc-debug for project ib ****

make MODE=debug CONFIGNAME=gcc-debug all 
ln -sf out/gcc-debug//ib .

**** Build Finished ****

**** Build of configuration gcc-debug for project ib ****

make MODE=debug CONFIGNAME=gcc-debug all 
ln -sf out/gcc-debug//ib .

**** Build Finished ****

**** Build of configuration gcc-debug for project ib ****

make MODE=debug CONFIGNAME=gcc-debug all 
ln -sf out/gcc-debug//ib .

**** Build Finished ****

**** Build of configuration gcc-debug for project ib ****

make MODE=debug CONFIGNAME=gcc-debug all 
ln -sf out/gcc-debug//ib .

**** Build Finished ****

**** Build of configuration gcc-debug for project ib ****

make MODE=debug CONFIGNAME=gcc-debug all 
ln -sf out/gcc-debug//ib .

**** Build Finished ****

**** Build of configuration gcc-debug for project ib ****

make MODE=debug CONFIGNAME=gcc-debug all 
ln -sf out/gcc-debug//ib .

**** Build Finished ****

**** Build of configuration gcc-debug for project ib ****

make MODE=debug CONFIGNAME=gcc-debug all 
ln -sf out/gcc-debug//ib .

**** Build Finished ****

**** Build of configuration gcc-debug for project ib ****

make MODE=debug CONFIGNAME=gcc-debug all 
ln -sf out/gcc-debug//ib .

**** Build Finished ****

**** Build of configuration gcc-debug for project ib ****

make MODE=debug CONFIGNAME=gcc-debug all 
ln -sf out/gcc-debug//ib .

**** Build Finished ****

**** Build of configuration gcc-debug for project ib ****

make MODE=debug CONFIGNAME=gcc-debug all 
ln -sf out/gcc-debug//ib .

**** Build Finished ****

**** Build of configuration gcc-debug for project ib ****

make MODE=debug CONFIGNAME=gcc-debug all 
ln -sf out/gcc-debug//ib .

**** Build Finished ****

**** Build of configuration gcc-debug for project ib ****

make MODE=debug CONFIGNAME=gcc-debug all 
ln -sf out/gcc-debug//ib .

**** Build Finished ****

**** Build of configuration gcc-debug for project ib ****

make MODE=debug CONFIGNAME=gcc-debug all 
ln -sf out/gcc-debug//ib .

**** Build Finished ****

**** Build of configuration gcc-debug for project ib ****

make MODE=debug CONFIGNAME=gcc-debug all 
ln -sf out/gcc-debug//ib .

**** Build Finished ****

**** Build of configuration gcc-debug for project ib ****

make MODE=debug CONFIGNAME=gcc-debug all 
ln -sf out/gcc-debug//ib .

**** Build Finished ****

**** Build of configuration gcc-debug for project ib ****

make MODE=debug CONFIGNAME=gcc-debug all 
ln -sf out/gcc-debug//ib .

**** Build Finished ****

**** Build of configuration gcc-debug for project ib ****

make MODE=debug CONFIGNAME=gcc-debug all 
ln -sf out/gcc-debug//ib .

**** Build Finished ****

**** Build of configuration gcc-debug for project ib ****

make MODE=debug CONFIGNAME=gcc-debug all 
ln -sf out/gcc-debug//ib .

**** Build Finished ****

**** Build of configuration gcc-debug for project ib ****

make MODE=debug CONFIGNAME=gcc-debug all 
ln -sf out/gcc-debug//ib .

**** Build Finished ****

**** Build of configuration gcc-debug for project ib ****

make MODE=debug CONFIGNAME=gcc-debug all 
ln -sf out/gcc-debug//ib .

**** Build Finished ****

**** Build of configuration gcc-debug for project ib ****

make MODE=debug CONFIGNAME=gcc-debug all 
ln -sf out/gcc-debug//ib .

**** Build Finished ****

**** Build of configuration gcc-debug for project ib ****

make MODE=debug CONFIGNAME=gcc-debug all 
ln -sf out/gcc-debug//ib .

**** Build Finished ****

**** Build of configuration gcc-debug for project ib ****

make MODE=debug CONFIGNAME=gcc-debug all 
ln -sf out/gcc-debug//ib .

**** Build Finished ****

**** Build of configuration gcc-debug for project ib ****

make MODE=debug CONFIGNAME=gcc-debug all 
ln -sf out/gcc-debug//ib .

**** Build Finished ****

**** Build of configuration gcc-debug for project ib ****

make MODE=debug CONFIGNAME=gcc-debug all 
ln -sf out/gcc-debug//ib .

**** Build Finished ****

**** Build of configuration gcc-debug for project ib ****

make MODE=debug CONFIGNAME=gcc-debug all 
ln -sf out/gcc-debug//ib .

**** Build Finished ****

**** Build of configuration gcc-debug for project ib ****

make MODE=debug CONFIGNAME=gcc-debug all 
ln -sf out/gcc-debug//ib .

**** Build Finished ****

**** Clean-only build of configuration gcc-debug for project ib ****

make MODE=debug CONFIGNAME=gcc-debug clean 
rm -rf out/gcc-debug/
rm -f ib ib.exe libib.so libib.a libib.dll libib.dylib
rm -f ./*_m.cc ./*_m.h
rm -f examples/*_m.cc examples/*_m.h
rm -f examples/is1_1l_8n/*_m.cc examples/is1_1l_8n/*_m.h
rm -f examples/is1_1l_8n/results/*_m.cc examples/is1_1l_8n/results/*_m.h
rm -f examples/is1_2l_8n/*_m.cc examples/is1_2l_8n/*_m.h
rm -f examples/is1_2l_8n/results/*_m.cc examples/is1_2l_8n/results/*_m.h
rm -f examples/is1_3h_2s/*_m.cc examples/is1_3h_2s/*_m.h
rm -f examples/is1_3l_32n/*_m.cc examples/is1_3l_32n/*_m.h
rm -f examples/is4_3l_1944n/*_m.cc examples/is4_3l_1944n/*_m.h

**** Build Finished ****

**** Build of configuration gcc-debug for project ib ****

make MODE=debug CONFIGNAME=gcc-debug all 
opp_msgc -s _m.cc -I. -Iexamples -Iexamples/is1_1l_8n -Iexamples/is1_1l_8n/results -Iexamples/is1_2l_8n -Iexamples/is1_2l_8n/results -Iexamples/is1_3h_2s -Iexamples/is1_3l_32n -Iexamples/is4_3l_1944n ib.msg
g++ -c -g -Wall -fPIC  -fno-stack-protector -DHAVE_SWAPCONTEXT -DXMLPARSER=expat -DWITH_PARSIM -DWITH_NETBUILDER  -I. -Iexamples -Iexamples/is1_1l_8n -Iexamples/is1_1l_8n/results -Iexamples/is1_2l_8n -Iexamples/is1_2l_8n/results -Iexamples/is1_3h_2s -Iexamples/is1_3l_32n -Iexamples/is4_3l_1944n -I/opt/ib/sim/omnetpp/include -o out/gcc-debug//gen.o gen.cc
g++ -c -g -Wall -fPIC  -fno-stack-protector -DHAVE_SWAPCONTEXT -DXMLPARSER=expat -DWITH_PARSIM -DWITH_NETBUILDER  -I. -Iexamples -Iexamples/is1_1l_8n -Iexamples/is1_1l_8n/results -Iexamples/is1_2l_8n -Iexamples/is1_2l_8n/results -Iexamples/is1_3h_2s -Iexamples/is1_3l_32n -Iexamples/is4_3l_1944n -I/opt/ib/sim/omnetpp/include -o out/gcc-debug//ibuf.o ibuf.cc
g++ -c -g -Wall -fPIC  -fno-stack-protector -DHAVE_SWAPCONTEXT -DXMLPARSER=expat -DWITH_PARSIM -DWITH_NETBUILDER  -I. -Iexamples -Iexamples/is1_1l_8n -Iexamples/is1_1l_8n/results -Iexamples/is1_2l_8n -Iexamples/is1_2l_8n/results -Iexamples/is1_3h_2s -Iexamples/is1_3l_32n -Iexamples/is4_3l_1944n -I/opt/ib/sim/omnetpp/include -o out/gcc-debug//vlarb.o vlarb.cc
g++ -c -g -Wall -fPIC  -fno-stack-protector -DHAVE_SWAPCONTEXT -DXMLPARSER=expat -DWITH_PARSIM -DWITH_NETBUILDER  -I. -Iexamples -Iexamples/is1_1l_8n -Iexamples/is1_1l_8n/results -Iexamples/is1_2l_8n -Iexamples/is1_2l_8n/results -Iexamples/is1_3h_2s -Iexamples/is1_3l_32n -Iexamples/is4_3l_1944n -I/opt/ib/sim/omnetpp/include -o out/gcc-debug//vec_file.o vec_file.cc
g++ -c -g -Wall -fPIC  -fno-stack-protector -DHAVE_SWAPCONTEXT -DXMLPARSER=expat -DWITH_PARSIM -DWITH_NETBUILDER  -I. -Iexamples -Iexamples/is1_1l_8n -Iexamples/is1_1l_8n/results -Iexamples/is1_2l_8n -Iexamples/is1_2l_8n/results -Iexamples/is1_3h_2s -Iexamples/is1_3l_32n -Iexamples/is4_3l_1944n -I/opt/ib/sim/omnetpp/include -o out/gcc-debug//app.o app.cc
g++ -c -g -Wall -fPIC  -fno-stack-protector -DHAVE_SWAPCONTEXT -DXMLPARSER=expat -DWITH_PARSIM -DWITH_NETBUILDER  -I. -Iexamples -Iexamples/is1_1l_8n -Iexamples/is1_1l_8n/results -Iexamples/is1_2l_8n -Iexamples/is1_2l_8n/results -Iexamples/is1_3h_2s -Iexamples/is1_3l_32n -Iexamples/is4_3l_1944n -I/opt/ib/sim/omnetpp/include -o out/gcc-debug//obuf.o obuf.cc
g++ -c -g -Wall -fPIC  -fno-stack-protector -DHAVE_SWAPCONTEXT -DXMLPARSER=expat -DWITH_PARSIM -DWITH_NETBUILDER  -I. -Iexamples -Iexamples/is1_1l_8n -Iexamples/is1_1l_8n/results -Iexamples/is1_2l_8n -Iexamples/is1_2l_8n/results -Iexamples/is1_3h_2s -Iexamples/is1_3l_32n -Iexamples/is4_3l_1944n -I/opt/ib/sim/omnetpp/include -o out/gcc-debug//sink.o sink.cc
g++ -c -g -Wall -fPIC  -fno-stack-protector -DHAVE_SWAPCONTEXT -DXMLPARSER=expat -DWITH_PARSIM -DWITH_NETBUILDER  -I. -Iexamples -Iexamples/is1_1l_8n -Iexamples/is1_1l_8n/results -Iexamples/is1_2l_8n -Iexamples/is1_2l_8n/results -Iexamples/is1_3h_2s -Iexamples/is1_3l_32n -Iexamples/is4_3l_1944n -I/opt/ib/sim/omnetpp/include -o out/gcc-debug//pktfwd.o pktfwd.cc
g++ -c -g -Wall -fPIC  -fno-stack-protector -DHAVE_SWAPCONTEXT -DXMLPARSER=expat -DWITH_PARSIM -DWITH_NETBUILDER  -I. -Iexamples -Iexamples/is1_1l_8n -Iexamples/is1_1l_8n/results -Iexamples/is1_2l_8n -Iexamples/is1_2l_8n/results -Iexamples/is1_3h_2s -Iexamples/is1_3l_32n -Iexamples/is4_3l_1944n -I/opt/ib/sim/omnetpp/include -o out/gcc-debug//ib_m.o ib_m.cc
g++ -Wl,--export-dynamic  -Wl,-rpath,/opt/ib/sim/omnetpp/lib -Wl,-rpath,. -o out/gcc-debug//ib  out/gcc-debug//gen.o out/gcc-debug//ibuf.o out/gcc-debug//vlarb.o out/gcc-debug//vec_file.o out/gcc-debug//app.o out/gcc-debug//obuf.o out/gcc-debug//sink.o out/gcc-debug//pktfwd.o out/gcc-debug//ib_m.o  -Wl,--no-as-needed -Wl,--whole-archive  -Wl,--no-whole-archive -L"/opt/ib/sim/omnetpp/lib/gcc" -L"/opt/ib/sim/omnetpp/lib" -loppmaind -u _tkenv_lib -Wl,--no-as-needed -lopptkenvd -loppenvird -lopplayoutd -u _cmdenv_lib -Wl,--no-as-needed -loppcmdenvd -loppenvird  -loppsimd -ldl -lstdc++ 
ln -sf out/gcc-debug//ib .

**** Build Finished ****

**** Build of configuration gcc-debug for project ib ****

make MODE=debug CONFIGNAME=gcc-debug all 
ln -sf out/gcc-debug//ib .

**** Build Finished ****

**** Build of configuration gcc-debug for project ib ****

make MODE=debug CONFIGNAME=gcc-debug all 
ln -sf out/gcc-debug//ib .

**** Build Finished ****

**** Build of configuration gcc-debug for project ib ****

make MODE=debug CONFIGNAME=gcc-debug all 
ln -sf out/gcc-debug//ib .

**** Build Finished ****

**** Build of configuration gcc-debug for project ib ****

make MODE=debug CONFIGNAME=gcc-debug all 
ln -sf out/gcc-debug//ib .

**** Build Finished ****

**** Build of configuration gcc-debug for project ib ****

make MODE=debug CONFIGNAME=gcc-debug all 
ln -sf out/gcc-debug//ib .

**** Build Finished ****

**** Build of configuration gcc-debug for project ib ****

make MODE=debug CONFIGNAME=gcc-debug all 
ln -sf out/gcc-debug//ib .

**** Build Finished ****

**** Build of configuration gcc-debug for project ib ****

make MODE=debug CONFIGNAME=gcc-debug all 
ln -sf out/gcc-debug//ib .

**** Build Finished ****

**** Build of configuration gcc-debug for project ib ****

make MODE=debug CONFIGNAME=gcc-debug all 
ln -sf out/gcc-debug//ib .

**** Build Finished ****

**** Build of configuration gcc-debug for project ib ****

make MODE=debug CONFIGNAME=gcc-debug all 
ln -sf out/gcc-debug//ib .

**** Build Finished ****

**** Build of configuration gcc-debug for project ib ****

make MODE=debug CONFIGNAME=gcc-debug all 
ln -sf out/gcc-debug//ib .

**** Build Finished ****

**** Build of configuration gcc-debug for project ib ****

make MODE=debug CONFIGNAME=gcc-debug all 
ln -sf out/gcc-debug//ib .

**** Build Finished ****

**** Build of configuration gcc-debug for project ib ****

make MODE=debug CONFIGNAME=gcc-debug all 
ln -sf out/gcc-debug//ib .

**** Build Finished ****

**** Build of configuration gcc-debug for project ib ****

make MODE=debug CONFIGNAME=gcc-debug all 
ln -sf out/gcc-debug//ib .

**** Build Finished ****

**** Build of configuration gcc-debug for project ib ****

make MODE=debug CONFIGNAME=gcc-debug all 
ln -sf out/gcc-debug//ib .

**** Build Finished ****

**** Build of configuration gcc-debug for project ib ****

make MODE=debug CONFIGNAME=gcc-debug all 
ln -sf out/gcc-debug//ib .

**** Build Finished ****

**** Build of configuration gcc-debug for project ib ****

make MODE=debug CONFIGNAME=gcc-debug all 
g++ -c -g -Wall -fPIC  -fno-stack-protector -DHAVE_SWAPCONTEXT -DXMLPARSER=expat -DWITH_PARSIM -DWITH_NETBUILDER  -I. -Iexamples -Iexamples/is1_1l_8n -Iexamples/is1_1l_8n/results -Iexamples/is1_2l_8n -Iexamples/is1_2l_8n/results -Iexamples/is1_3h_2s -Iexamples/is1_3l_32n -Iexamples/is4_3l_1944n -I/opt/ib/sim/omnetpp/include -o out/gcc-debug//app.o app.cc
g++ -Wl,--export-dynamic  -Wl,-rpath,/opt/ib/sim/omnetpp/lib -Wl,-rpath,. -o out/gcc-debug//ib  out/gcc-debug//gen.o out/gcc-debug//ibuf.o out/gcc-debug//vlarb.o out/gcc-debug//vec_file.o out/gcc-debug//app.o out/gcc-debug//obuf.o out/gcc-debug//sink.o out/gcc-debug//pktfwd.o out/gcc-debug//ib_m.o  -Wl,--no-as-needed -Wl,--whole-archive  -Wl,--no-whole-archive -L"/opt/ib/sim/omnetpp/lib/gcc" -L"/opt/ib/sim/omnetpp/lib" -loppmaind -u _tkenv_lib -Wl,--no-as-needed -lopptkenvd -loppenvird -lopplayoutd -u _cmdenv_lib -Wl,--no-as-needed -loppcmdenvd -loppenvird  -loppsimd -ldl -lstdc++ 
ln -sf out/gcc-debug//ib .

**** Build Finished ****

**** Build of configuration gcc-debug for project ib ****

make MODE=debug CONFIGNAME=gcc-debug all 
ln -sf out/gcc-debug//ib .

**** Build Finished ****

**** Build of configuration gcc-debug for project ib ****

make MODE=debug CONFIGNAME=gcc-debug all 
ln -sf out/gcc-debug//ib .

**** Build Finished ****

**** Build of configuration gcc-debug for project ib ****

make MODE=debug CONFIGNAME=gcc-debug all 
ln -sf out/gcc-debug//ib .

**** Build Finished ****

**** Build of configuration gcc-debug for project ib ****

make MODE=debug CONFIGNAME=gcc-debug all 
ln -sf out/gcc-debug//ib .

**** Build Finished ****

**** Build of configuration gcc-debug for project ib ****

make MODE=debug CONFIGNAME=gcc-debug all 
ln -sf out/gcc-debug//ib .

**** Build Finished ****

**** Build of configuration gcc-debug for project ib ****

make MODE=debug CONFIGNAME=gcc-debug all 
ln -sf out/gcc-debug//ib .

**** Build Finished ****

**** Build of configuration gcc-debug for project ib ****

make MODE=debug CONFIGNAME=gcc-debug all 
ln -sf out/gcc-debug//ib .

**** Build Finished ****

**** Build of configuration gcc-debug for project ib ****

make MODE=debug CONFIGNAME=gcc-debug all 
ln -sf out/gcc-debug//ib .

**** Build Finished ****

**** Build of configuration gcc-debug for project ib ****

make MODE=debug CONFIGNAME=gcc-debug all 
ln -sf out/gcc-debug//ib .

**** Build Finished ****

**** Build of configuration gcc-debug for project ib ****

make MODE=debug CONFIGNAME=gcc-debug all 
ln -sf out/gcc-debug//ib .

**** Build Finished ****

**** Build of configuration gcc-debug for project ib ****

make MODE=debug CONFIGNAME=gcc-debug all 
ln -sf out/gcc-debug//ib .

**** Build Finished ****

**** Build of configuration gcc-debug for project ib ****

make MODE=debug CONFIGNAME=gcc-debug all 
ln -sf out/gcc-debug//ib .

**** Build Finished ****

**** Build of configuration gcc-debug for project ib ****

make MODE=debug CONFIGNAME=gcc-debug all 
ln -sf out/gcc-debug//ib .

**** Build Finished ****

**** Build of configuration gcc-debug for project ib ****

make MODE=debug CONFIGNAME=gcc-debug all 
ln -sf out/gcc-debug//ib .

**** Build Finished ****

**** Build of configuration gcc-debug for project ib ****

make MODE=debug CONFIGNAME=gcc-debug all 
ln -sf out/gcc-debug//ib .

**** Build Finished ****

**** Build of configuration gcc-debug for project ib ****

make MODE=debug CONFIGNAME=gcc-debug all 
ln -sf out/gcc-debug//ib .

**** Build Finished ****

**** Build of configuration gcc-debug for project ib ****

make MODE=debug CONFIGNAME=gcc-debug all 
ln -sf out/gcc-debug//ib .

**** Build Finished ****

**** Build of configuration gcc-debug for project ib ****

make MODE=debug CONFIGNAME=gcc-debug all 
ln -sf out/gcc-debug//ib .

**** Build Finished ****

**** Build of configuration gcc-debug for project ib ****

make MODE=debug CONFIGNAME=gcc-debug all 
ln -sf out/gcc-debug//ib .

**** Build Finished ****

**** Build of configuration gcc-debug for project ib ****

make MODE=debug CONFIGNAME=gcc-debug all 
ln -sf out/gcc-debug//ib .

**** Build Finished ****

**** Build of configuration gcc-debug for project ib ****

make MODE=debug CONFIGNAME=gcc-debug all 
ln -sf out/gcc-debug//ib .

**** Build Finished ****

**** Build of configuration gcc-debug for project ib ****

make MODE=debug CONFIGNAME=gcc-debug all 
ln -sf out/gcc-debug//ib .

**** Build Finished ****

**** Build of configuration gcc-debug for project ib ****

make MODE=debug CONFIGNAME=gcc-debug all 
ln -sf out/gcc-debug//ib .

**** Build Finished ****

**** Build of configuration gcc-debug for project ib ****

make MODE=debug CONFIGNAME=gcc-debug all 
ln -sf out/gcc-debug//ib .

**** Build Finished ****

**** Build of configuration gcc-debug for project ib ****

make MODE=debug CONFIGNAME=gcc-debug all 
ln -sf out/gcc-debug//ib .

**** Build Finished ****

**** Build of configuration gcc-debug for project ib ****

make MODE=debug CONFIGNAME=gcc-debug all 
ln -sf out/gcc-debug//ib .

**** Build Finished ****

**** Build of configuration gcc-debug for project ib ****

make MODE=debug CONFIGNAME=gcc-debug all 
ln -sf out/gcc-debug//ib .

**** Build Finished ****

**** Build of configuration gcc-debug for project ib ****

make MODE=debug CONFIGNAME=gcc-debug all 
g++ -c -g -Wall -fPIC  -fno-stack-protector -DHAVE_SWAPCONTEXT -DXMLPARSER=expat -DWITH_PARSIM -DWITH_NETBUILDER  -I. -Iexamples -Iexamples/is1_1l_8n -Iexamples/is1_1l_8n/results -Iexamples/is1_2l_8n -Iexamples/is1_2l_8n/results -Iexamples/is1_3h_2s -Iexamples/is1_3l_32n -Iexamples/is4_3l_1944n -I/opt/ib/sim/omnetpp/include -o out/gcc-debug//app.o app.cc
g++ -Wl,--export-dynamic  -Wl,-rpath,/opt/ib/sim/omnetpp/lib -Wl,-rpath,. -o out/gcc-debug//ib  out/gcc-debug//gen.o out/gcc-debug//ibuf.o out/gcc-debug//vlarb.o out/gcc-debug//vec_file.o out/gcc-debug//app.o out/gcc-debug//obuf.o out/gcc-debug//sink.o out/gcc-debug//pktfwd.o out/gcc-debug//ib_m.o  -Wl,--no-as-needed -Wl,--whole-archive  -Wl,--no-whole-archive -L"/opt/ib/sim/omnetpp/lib/gcc" -L"/opt/ib/sim/omnetpp/lib" -loppmaind -u _tkenv_lib -Wl,--no-as-needed -lopptkenvd -loppenvird -lopplayoutd -u _cmdenv_lib -Wl,--no-as-needed -loppcmdenvd -loppenvird  -loppsimd -ldl -lstdc++ 
ln -sf out/gcc-debug//ib .

**** Build Finished ****

**** Build of configuration gcc-debug for project ib ****

make MODE=debug CONFIGNAME=gcc-debug all 
g++ -c -g -Wall -fPIC  -fno-stack-protector -DHAVE_SWAPCONTEXT -DXMLPARSER=expat -DWITH_PARSIM -DWITH_NETBUILDER  -I. -Iexamples -Iexamples/is1_1l_8n -Iexamples/is1_1l_8n/results -Iexamples/is1_2l_8n -Iexamples/is1_2l_8n/results -Iexamples/is1_3h_2s -Iexamples/is1_3l_32n -Iexamples/is4_3l_1944n -I/opt/ib/sim/omnetpp/include -o out/gcc-debug//app.o app.cc
g++ -Wl,--export-dynamic  -Wl,-rpath,/opt/ib/sim/omnetpp/lib -Wl,-rpath,. -o out/gcc-debug//ib  out/gcc-debug//gen.o out/gcc-debug//ibuf.o out/gcc-debug//vlarb.o out/gcc-debug//vec_file.o out/gcc-debug//app.o out/gcc-debug//obuf.o out/gcc-debug//sink.o out/gcc-debug//pktfwd.o out/gcc-debug//ib_m.o  -Wl,--no-as-needed -Wl,--whole-archive  -Wl,--no-whole-archive -L"/opt/ib/sim/omnetpp/lib/gcc" -L"/opt/ib/sim/omnetpp/lib" -loppmaind -u _tkenv_lib -Wl,--no-as-needed -lopptkenvd -loppenvird -lopplayoutd -u _cmdenv_lib -Wl,--no-as-needed -loppcmdenvd -loppenvird  -loppsimd -ldl -lstdc++ 
ln -sf out/gcc-debug//ib .

**** Build Finished ****

**** Build of configuration gcc-debug for project ib ****

make MODE=debug CONFIGNAME=gcc-debug all 
g++ -c -g -Wall -fPIC  -fno-stack-protector -DHAVE_SWAPCONTEXT -DXMLPARSER=expat -DWITH_PARSIM -DWITH_NETBUILDER  -I. -Iexamples -Iexamples/is1_1l_8n -Iexamples/is1_1l_8n/results -Iexamples/is1_2l_8n -Iexamples/is1_2l_8n/results -Iexamples/is1_3h_2s -Iexamples/is1_3l_32n -Iexamples/is4_3l_1944n -I/opt/ib/sim/omnetpp/include -o out/gcc-debug//app.o app.cc
g++ -Wl,--export-dynamic  -Wl,-rpath,/opt/ib/sim/omnetpp/lib -Wl,-rpath,. -o out/gcc-debug//ib  out/gcc-debug//gen.o out/gcc-debug//ibuf.o out/gcc-debug//vlarb.o out/gcc-debug//vec_file.o out/gcc-debug//app.o out/gcc-debug//obuf.o out/gcc-debug//sink.o out/gcc-debug//pktfwd.o out/gcc-debug//ib_m.o  -Wl,--no-as-needed -Wl,--whole-archive  -Wl,--no-whole-archive -L"/opt/ib/sim/omnetpp/lib/gcc" -L"/opt/ib/sim/omnetpp/lib" -loppmaind -u _tkenv_lib -Wl,--no-as-needed -lopptkenvd -loppenvird -lopplayoutd -u _cmdenv_lib -Wl,--no-as-needed -loppcmdenvd -loppenvird  -loppsimd -ldl -lstdc++ 
ln -sf out/gcc-debug//ib .

**** Build Finished ****

**** Build of configuration gcc-debug for project ib ****

make MODE=debug CONFIGNAME=gcc-debug all 
g++ -c -g -Wall -fPIC  -fno-stack-protector -DHAVE_SWAPCONTEXT -DXMLPARSER=expat -DWITH_PARSIM -DWITH_NETBUILDER  -I. -Iexamples -Iexamples/is1_1l_8n -Iexamples/is1_1l_8n/results -Iexamples/is1_2l_8n -Iexamples/is1_2l_8n/results -Iexamples/is1_3h_2s -Iexamples/is1_3l_32n -Iexamples/is4_3l_1944n -I/opt/ib/sim/omnetpp/include -o out/gcc-debug//gen.o gen.cc
g++ -c -g -Wall -fPIC  -fno-stack-protector -DHAVE_SWAPCONTEXT -DXMLPARSER=expat -DWITH_PARSIM -DWITH_NETBUILDER  -I. -Iexamples -Iexamples/is1_1l_8n -Iexamples/is1_1l_8n/results -Iexamples/is1_2l_8n -Iexamples/is1_2l_8n/results -Iexamples/is1_3h_2s -Iexamples/is1_3l_32n -Iexamples/is4_3l_1944n -I/opt/ib/sim/omnetpp/include -o out/gcc-debug//ibuf.o ibuf.cc
g++ -c -g -Wall -fPIC  -fno-stack-protector -DHAVE_SWAPCONTEXT -DXMLPARSER=expat -DWITH_PARSIM -DWITH_NETBUILDER  -I. -Iexamples -Iexamples/is1_1l_8n -Iexamples/is1_1l_8n/results -Iexamples/is1_2l_8n -Iexamples/is1_2l_8n/results -Iexamples/is1_3h_2s -Iexamples/is1_3l_32n -Iexamples/is4_3l_1944n -I/opt/ib/sim/omnetpp/include -o out/gcc-debug//vlarb.o vlarb.cc
g++ -c -g -Wall -fPIC  -fno-stack-protector -DHAVE_SWAPCONTEXT -DXMLPARSER=expat -DWITH_PARSIM -DWITH_NETBUILDER  -I. -Iexamples -Iexamples/is1_1l_8n -Iexamples/is1_1l_8n/results -Iexamples/is1_2l_8n -Iexamples/is1_2l_8n/results -Iexamples/is1_3h_2s -Iexamples/is1_3l_32n -Iexamples/is4_3l_1944n -I/opt/ib/sim/omnetpp/include -o out/gcc-debug//app.o app.cc
g++ -c -g -Wall -fPIC  -fno-stack-protector -DHAVE_SWAPCONTEXT -DXMLPARSER=expat -DWITH_PARSIM -DWITH_NETBUILDER  -I. -Iexamples -Iexamples/is1_1l_8n -Iexamples/is1_1l_8n/results -Iexamples/is1_2l_8n -Iexamples/is1_2l_8n/results -Iexamples/is1_3h_2s -Iexamples/is1_3l_32n -Iexamples/is4_3l_1944n -I/opt/ib/sim/omnetpp/include -o out/gcc-debug//obuf.o obuf.cc
g++ -c -g -Wall -fPIC  -fno-stack-protector -DHAVE_SWAPCONTEXT -DXMLPARSER=expat -DWITH_PARSIM -DWITH_NETBUILDER  -I. -Iexamples -Iexamples/is1_1l_8n -Iexamples/is1_1l_8n/results -Iexamples/is1_2l_8n -Iexamples/is1_2l_8n/results -Iexamples/is1_3h_2s -Iexamples/is1_3l_32n -Iexamples/is4_3l_1944n -I/opt/ib/sim/omnetpp/include -o out/gcc-debug//sink.o sink.cc
g++ -c -g -Wall -fPIC  -fno-stack-protector -DHAVE_SWAPCONTEXT -DXMLPARSER=expat -DWITH_PARSIM -DWITH_NETBUILDER  -I. -Iexamples -Iexamples/is1_1l_8n -Iexamples/is1_1l_8n/results -Iexamples/is1_2l_8n -Iexamples/is1_2l_8n/results -Iexamples/is1_3h_2s -Iexamples/is1_3l_32n -Iexamples/is4_3l_1944n -I/opt/ib/sim/omnetpp/include -o out/gcc-debug//pktfwd.o pktfwd.cc
g++ -c -g -Wall -fPIC  -fno-stack-protector -DHAVE_SWAPCONTEXT -DXMLPARSER=expat -DWITH_PARSIM -DWITH_NETBUILDER  -I. -Iexamples -Iexamples/is1_1l_8n -Iexamples/is1_1l_8n/results -Iexamples/is1_2l_8n -Iexamples/is1_2l_8n/results -Iexamples/is1_3h_2s -Iexamples/is1_3l_32n -Iexamples/is4_3l_1944n -I/opt/ib/sim/omnetpp/include -o out/gcc-debug//ib_m.o ib_m.cc
g++ -Wl,--export-dynamic  -Wl,-rpath,/opt/ib/sim/omnetpp/lib -Wl,-rpath,. -o out/gcc-debug//ib  out/gcc-debug//gen.o out/gcc-debug//ibuf.o out/gcc-debug//vlarb.o out/gcc-debug//vec_file.o out/gcc-debug//app.o out/gcc-debug//obuf.o out/gcc-debug//sink.o out/gcc-debug//pktfwd.o out/gcc-debug//ib_m.o  -Wl,--no-as-needed -Wl,--whole-archive  -Wl,--no-whole-archive -L"/opt/ib/sim/omnetpp/lib/gcc" -L"/opt/ib/sim/omnetpp/lib" -loppmaind -u _tkenv_lib -Wl,--no-as-needed -lopptkenvd -loppenvird -lopplayoutd -u _cmdenv_lib -Wl,--no-as-needed -loppcmdenvd -loppenvird  -loppsimd -ldl -lstdc++ 
ln -sf out/gcc-debug//ib .

**** Build Finished ****

**** Build of configuration gcc-debug for project ib ****

make MODE=debug CONFIGNAME=gcc-debug all 
g++ -c -g -Wall -fPIC  -fno-stack-protector -DHAVE_SWAPCONTEXT -DXMLPARSER=expat -DWITH_PARSIM -DWITH_NETBUILDER  -I. -Iexamples -Iexamples/is1_1l_8n -Iexamples/is1_1l_8n/results -Iexamples/is1_2l_8n -Iexamples/is1_2l_8n/results -Iexamples/is1_3h_2s -Iexamples/is1_3l_32n -Iexamples/is4_3l_1944n -I/opt/ib/sim/omnetpp/include -o out/gcc-debug//gen.o gen.cc
g++ -Wl,--export-dynamic  -Wl,-rpath,/opt/ib/sim/omnetpp/lib -Wl,-rpath,. -o out/gcc-debug//ib  out/gcc-debug//gen.o out/gcc-debug//ibuf.o out/gcc-debug//vlarb.o out/gcc-debug//vec_file.o out/gcc-debug//app.o out/gcc-debug//obuf.o out/gcc-debug//sink.o out/gcc-debug//pktfwd.o out/gcc-debug//ib_m.o  -Wl,--no-as-needed -Wl,--whole-archive  -Wl,--no-whole-archive -L"/opt/ib/sim/omnetpp/lib/gcc" -L"/opt/ib/sim/omnetpp/lib" -loppmaind -u _tkenv_lib -Wl,--no-as-needed -lopptkenvd -loppenvird -lopplayoutd -u _cmdenv_lib -Wl,--no-as-needed -loppcmdenvd -loppenvird  -loppsimd -ldl -lstdc++ 
ln -sf out/gcc-debug//ib .

**** Build Finished ****

**** Build of configuration gcc-debug for project ib ****

make MODE=debug CONFIGNAME=gcc-debug all 
ln -sf out/gcc-debug//ib .

**** Build Finished ****

**** Build of configuration gcc-debug for project ib ****

make MODE=debug CONFIGNAME=gcc-debug all 
ln -sf out/gcc-debug//ib .

**** Build Finished ****

**** Build of configuration gcc-debug for project ib ****

make MODE=debug CONFIGNAME=gcc-debug all 
ln -sf out/gcc-debug//ib .

**** Build Finished ****

**** Build of configuration gcc-debug for project ib ****

make MODE=debug CONFIGNAME=gcc-debug all 
ln -sf out/gcc-debug//ib .

**** Build Finished ****

**** Build of configuration gcc-debug for project ib ****

make MODE=debug CONFIGNAME=gcc-debug all 
ln -sf out/gcc-debug//ib .

**** Build Finished ****

**** Build of configuration gcc-debug for project ib ****

make MODE=debug CONFIGNAME=gcc-debug all 
ln -sf out/gcc-debug//ib .

**** Build Finished ****

**** Build of configuration gcc-debug for project ib ****

make MODE=debug CONFIGNAME=gcc-debug all 
ln -sf out/gcc-debug//ib .

**** Build Finished ****

**** Build of configuration gcc-debug for project ib ****

make MODE=debug CONFIGNAME=gcc-debug all 
ln -sf out/gcc-debug//ib .

**** Build Finished ****

**** Build of configuration gcc-debug for project ib ****

make MODE=debug CONFIGNAME=gcc-debug all 
g++ -c -g -Wall -fPIC  -fno-stack-protector -DHAVE_SWAPCONTEXT -DXMLPARSER=expat -DWITH_PARSIM -DWITH_NETBUILDER  -I. -Iexamples -Iexamples/is1_1l_8n -Iexamples/is1_1l_8n/results -Iexamples/is1_2l_8n -Iexamples/is1_2l_8n/results -Iexamples/is1_3h_2s -Iexamples/is1_3l_32n -Iexamples/is4_3l_1944n -I/opt/ib/sim/omnetpp/include -o out/gcc-debug//gen.o gen.cc
g++ -c -g -Wall -fPIC  -fno-stack-protector -DHAVE_SWAPCONTEXT -DXMLPARSER=expat -DWITH_PARSIM -DWITH_NETBUILDER  -I. -Iexamples -Iexamples/is1_1l_8n -Iexamples/is1_1l_8n/results -Iexamples/is1_2l_8n -Iexamples/is1_2l_8n/results -Iexamples/is1_3h_2s -Iexamples/is1_3l_32n -Iexamples/is4_3l_1944n -I/opt/ib/sim/omnetpp/include -o out/gcc-debug//app.o app.cc
g++ -Wl,--export-dynamic  -Wl,-rpath,/opt/ib/sim/omnetpp/lib -Wl,-rpath,. -o out/gcc-debug//ib  out/gcc-debug//gen.o out/gcc-debug//ibuf.o out/gcc-debug//vlarb.o out/gcc-debug//vec_file.o out/gcc-debug//app.o out/gcc-debug//obuf.o out/gcc-debug//sink.o out/gcc-debug//pktfwd.o out/gcc-debug//ib_m.o  -Wl,--no-as-needed -Wl,--whole-archive  -Wl,--no-whole-archive -L"/opt/ib/sim/omnetpp/lib/gcc" -L"/opt/ib/sim/omnetpp/lib" -loppmaind -u _tkenv_lib -Wl,--no-as-needed -lopptkenvd -loppenvird -lopplayoutd -u _cmdenv_lib -Wl,--no-as-needed -loppcmdenvd -loppenvird  -loppsimd -ldl -lstdc++ 
ln -sf out/gcc-debug//ib .

**** Build Finished ****

**** Build of configuration gcc-debug for project ib ****

make MODE=debug CONFIGNAME=gcc-debug all 
g++ -c -g -Wall -fPIC  -fno-stack-protector -DHAVE_SWAPCONTEXT -DXMLPARSER=expat -DWITH_PARSIM -DWITH_NETBUILDER  -I. -Iexamples -Iexamples/is1_1l_8n -Iexamples/is1_1l_8n/results -Iexamples/is1_2l_8n -Iexamples/is1_2l_8n/results -Iexamples/is1_3h_2s -Iexamples/is1_3l_32n -Iexamples/is4_3l_1944n -I/opt/ib/sim/omnetpp/include -o out/gcc-debug//gen.o gen.cc
g++ -Wl,--export-dynamic  -Wl,-rpath,/opt/ib/sim/omnetpp/lib -Wl,-rpath,. -o out/gcc-debug//ib  out/gcc-debug//gen.o out/gcc-debug//ibuf.o out/gcc-debug//vlarb.o out/gcc-debug//vec_file.o out/gcc-debug//app.o out/gcc-debug//obuf.o out/gcc-debug//sink.o out/gcc-debug//pktfwd.o out/gcc-debug//ib_m.o  -Wl,--no-as-needed -Wl,--whole-archive  -Wl,--no-whole-archive -L"/opt/ib/sim/omnetpp/lib/gcc" -L"/opt/ib/sim/omnetpp/lib" -loppmaind -u _tkenv_lib -Wl,--no-as-needed -lopptkenvd -loppenvird -lopplayoutd -u _cmdenv_lib -Wl,--no-as-needed -loppcmdenvd -loppenvird  -loppsimd -ldl -lstdc++ 
ln -sf out/gcc-debug//ib .

**** Build Finished ****

**** Build of configuration gcc-debug for project ib ****

make MODE=debug CONFIGNAME=gcc-debug all 
g++ -c -g -Wall -fPIC  -fno-stack-protector -DHAVE_SWAPCONTEXT -DXMLPARSER=expat -DWITH_PARSIM -DWITH_NETBUILDER  -I. -Iexamples -Iexamples/is1_1l_8n -Iexamples/is1_1l_8n/results -Iexamples/is1_2l_8n -Iexamples/is1_2l_8n/results -Iexamples/is1_3h_2s -Iexamples/is1_3l_32n -Iexamples/is4_3l_1944n -I/opt/ib/sim/omnetpp/include -o out/gcc-debug//gen.o gen.cc
g++ -c -g -Wall -fPIC  -fno-stack-protector -DHAVE_SWAPCONTEXT -DXMLPARSER=expat -DWITH_PARSIM -DWITH_NETBUILDER  -I. -Iexamples -Iexamples/is1_1l_8n -Iexamples/is1_1l_8n/results -Iexamples/is1_2l_8n -Iexamples/is1_2l_8n/results -Iexamples/is1_3h_2s -Iexamples/is1_3l_32n -Iexamples/is4_3l_1944n -I/opt/ib/sim/omnetpp/include -o out/gcc-debug//app.o app.cc
g++ -Wl,--export-dynamic  -Wl,-rpath,/opt/ib/sim/omnetpp/lib -Wl,-rpath,. -o out/gcc-debug//ib  out/gcc-debug//gen.o out/gcc-debug//ibuf.o out/gcc-debug//vlarb.o out/gcc-debug//vec_file.o out/gcc-debug//app.o out/gcc-debug//obuf.o out/gcc-debug//sink.o out/gcc-debug//pktfwd.o out/gcc-debug//ib_m.o  -Wl,--no-as-needed -Wl,--whole-archive  -Wl,--no-whole-archive -L"/opt/ib/sim/omnetpp/lib/gcc" -L"/opt/ib/sim/omnetpp/lib" -loppmaind -u _tkenv_lib -Wl,--no-as-needed -lopptkenvd -loppenvird -lopplayoutd -u _cmdenv_lib -Wl,--no-as-needed -loppcmdenvd -loppenvird  -loppsimd -ldl -lstdc++ 
ln -sf out/gcc-debug//ib .

**** Build Finished ****

**** Build of configuration gcc-debug for project ib ****

make MODE=debug CONFIGNAME=gcc-debug all 
ln -sf out/gcc-debug//ib .

**** Build Finished ****

**** Build of configuration gcc-debug for project ib ****

make MODE=debug CONFIGNAME=gcc-debug all 
ln -sf out/gcc-debug//ib .

**** Build Finished ****

**** Build of configuration gcc-debug for project ib ****

make MODE=debug CONFIGNAME=gcc-debug all 
ln -sf out/gcc-debug//ib .

**** Build Finished ****

**** Build of configuration gcc-debug for project ib ****

make MODE=debug CONFIGNAME=gcc-debug all 
ln -sf out/gcc-debug//ib .

**** Build Finished ****

**** Build of configuration gcc-debug for project ib ****

make MODE=debug CONFIGNAME=gcc-debug all 
ln -sf out/gcc-debug//ib .

**** Build Finished ****

**** Build of configuration gcc-debug for project ib ****

make MODE=debug CONFIGNAME=gcc-debug all 
ln -sf out/gcc-debug//ib .

**** Build Finished ****

**** Build of configuration gcc-debug for project ib ****

make MODE=debug CONFIGNAME=gcc-debug all 
ln -sf out/gcc-debug//ib .

**** Build Finished ****

**** Build of configuration gcc-debug for project ib ****

make MODE=debug CONFIGNAME=gcc-debug all 
ln -sf out/gcc-debug//ib .

**** Build Finished ****

**** Build of configuration gcc-debug for project ib ****

make MODE=debug CONFIGNAME=gcc-debug all 
ln -sf out/gcc-debug//ib .

**** Build Finished ****

**** Build of configuration gcc-debug for project ib ****

make MODE=debug CONFIGNAME=gcc-debug all 
ln -sf out/gcc-debug//ib .

**** Build Finished ****

**** Build of configuration gcc-debug for project ib ****

make MODE=debug CONFIGNAME=gcc-debug all 
ln -sf out/gcc-debug//ib .

**** Build Finished ****

**** Build of configuration gcc-debug for project ib ****

make MODE=debug CONFIGNAME=gcc-debug all 
ln -sf out/gcc-debug//ib .

**** Build Finished ****

**** Build of configuration gcc-debug for project ib ****

make MODE=debug CONFIGNAME=gcc-debug all 
ln -sf out/gcc-debug//ib .

**** Build Finished ****

**** Build of configuration gcc-debug for project ib ****

make MODE=debug CONFIGNAME=gcc-debug all 
ln -sf out/gcc-debug//ib .

**** Build Finished ****

**** Build of configuration gcc-debug for project ib ****

make MODE=debug CONFIGNAME=gcc-debug all 
ln -sf out/gcc-debug//ib .

**** Build Finished ****

**** Build of configuration gcc-debug for project ib ****

make MODE=debug CONFIGNAME=gcc-debug all 
ln -sf out/gcc-debug//ib .

**** Build Finished ****

**** Build of configuration gcc-debug for project ib ****

make MODE=debug CONFIGNAME=gcc-debug all 
ln -sf out/gcc-debug//ib .

**** Build Finished ****

**** Build of configuration gcc-debug for project ib ****

make MODE=debug CONFIGNAME=gcc-debug all 
ln -sf out/gcc-debug//ib .

**** Build Finished ****

**** Build of configuration gcc-debug for project ib ****

make MODE=debug CONFIGNAME=gcc-debug all 
ln -sf out/gcc-debug//ib .

**** Build Finished ****

**** Build of configuration gcc-debug for project ib ****

make MODE=debug CONFIGNAME=gcc-debug all 
ln -sf out/gcc-debug//ib .

**** Build Finished ****

**** Build of configuration gcc-debug for project ib ****

make MODE=debug CONFIGNAME=gcc-debug all 
ln -sf out/gcc-debug//ib .

**** Build Finished ****

**** Build of configuration gcc-debug for project ib ****

make MODE=debug CONFIGNAME=gcc-debug all 
ln -sf out/gcc-debug//ib .

**** Build Finished ****

**** Build of configuration gcc-debug for project ib ****

make MODE=debug CONFIGNAME=gcc-debug all 
ln -sf out/gcc-debug//ib .

**** Build Finished ****

**** Build of configuration gcc-debug for project ib ****

make MODE=debug CONFIGNAME=gcc-debug all 
ln -sf out/gcc-debug//ib .

**** Build Finished ****

**** Build of configuration gcc-debug for project ib ****

make MODE=debug CONFIGNAME=gcc-debug all 
ln -sf out/gcc-debug//ib .

**** Build Finished ****

**** Build of configuration gcc-debug for project ib ****

make MODE=debug CONFIGNAME=gcc-debug all 
ln -sf out/gcc-debug//ib .

**** Build Finished ****

**** Build of configuration gcc-debug for project ib ****

make MODE=debug CONFIGNAME=gcc-debug all 
ln -sf out/gcc-debug//ib .

**** Build Finished ****

**** Build of configuration gcc-debug for project ib ****

make MODE=debug CONFIGNAME=gcc-debug all 
ln -sf out/gcc-debug//ib .

**** Build Finished ****

**** Build of configuration gcc-debug for project ib ****

make MODE=debug CONFIGNAME=gcc-debug all 
ln -sf out/gcc-debug//ib .

**** Build Finished ****

**** Build of configuration gcc-debug for project ib ****

make MODE=debug CONFIGNAME=gcc-debug all 
ln -sf out/gcc-debug//ib .

**** Build Finished ****

**** Build of configuration gcc-debug for project ib ****

make MODE=debug CONFIGNAME=gcc-debug all 
ln -sf out/gcc-debug//ib .

**** Build Finished ****

**** Build of configuration gcc-debug for project ib ****

make MODE=debug CONFIGNAME=gcc-debug all 
ln -sf out/gcc-debug//ib .

**** Build Finished ****

**** Build of configuration gcc-debug for project ib ****

make MODE=debug CONFIGNAME=gcc-debug all 
ln -sf out/gcc-debug//ib .

**** Build Finished ****

**** Build of configuration gcc-debug for project ib ****

make MODE=debug CONFIGNAME=gcc-debug all 
ln -sf out/gcc-debug//ib .

**** Build Finished ****

**** Build of configuration gcc-debug for project ib ****

make MODE=debug CONFIGNAME=gcc-debug all 
ln -sf out/gcc-debug//ib .

**** Build Finished ****

**** Build of configuration gcc-debug for project ib ****

make MODE=debug CONFIGNAME=gcc-debug all 
ln -sf out/gcc-debug//ib .

**** Build Finished ****

**** Build of configuration gcc-debug for project ib ****

make MODE=debug CONFIGNAME=gcc-debug all 
ln -sf out/gcc-debug//ib .

**** Build Finished ****

**** Build of configuration gcc-debug for project ib ****

make MODE=debug CONFIGNAME=gcc-debug all 
ln -sf out/gcc-debug//ib .

**** Build Finished ****

**** Build of configuration gcc-debug for project ib ****

make MODE=debug CONFIGNAME=gcc-debug all 
ln -sf out/gcc-debug//ib .

**** Build Finished ****

**** Build of configuration gcc-debug for project ib ****

make MODE=debug CONFIGNAME=gcc-debug all 
ln -sf out/gcc-debug//ib .

**** Build Finished ****

**** Build of configuration gcc-debug for project ib ****

make MODE=debug CONFIGNAME=gcc-debug all 
ln -sf out/gcc-debug//ib .

**** Build Finished ****

**** Build of configuration gcc-debug for project ib ****

make MODE=debug CONFIGNAME=gcc-debug all 
ln -sf out/gcc-debug//ib .

**** Build Finished ****

**** Build of configuration gcc-debug for project ib ****

make MODE=debug CONFIGNAME=gcc-debug all 
ln -sf out/gcc-debug//ib .

**** Build Finished ****

**** Build of configuration gcc-debug for project ib ****

make MODE=debug CONFIGNAME=gcc-debug all 
ln -sf out/gcc-debug//ib .

**** Build Finished ****

**** Build of configuration gcc-debug for project ib ****

make MODE=debug CONFIGNAME=gcc-debug all 
ln -sf out/gcc-debug//ib .

**** Build Finished ****

**** Build of configuration gcc-debug for project ib ****

make MODE=debug CONFIGNAME=gcc-debug all 
ln -sf out/gcc-debug//ib .

**** Build Finished ****

**** Build of configuration gcc-debug for project ib ****

make MODE=debug CONFIGNAME=gcc-debug all 
ln -sf out/gcc-debug//ib .

**** Build Finished ****

**** Build of configuration gcc-debug for project ib ****

make MODE=debug CONFIGNAME=gcc-debug all 
ln -sf out/gcc-debug//ib .

**** Build Finished ****

**** Build of configuration gcc-debug for project ib ****

make MODE=debug CONFIGNAME=gcc-debug all 
ln -sf out/gcc-debug//ib .

**** Build Finished ****

**** Build of configuration gcc-debug for project ib ****

make MODE=debug CONFIGNAME=gcc-debug all 
ln -sf out/gcc-debug//ib .

**** Build Finished ****

**** Build of configuration gcc-debug for project ib ****

make MODE=debug CONFIGNAME=gcc-debug all 
ln -sf out/gcc-debug//ib .

**** Build Finished ****

**** Build of configuration gcc-debug for project ib ****

make MODE=debug CONFIGNAME=gcc-debug all 
ln -sf out/gcc-debug//ib .

**** Build Finished ****

**** Build of configuration gcc-debug for project ib ****

make MODE=debug CONFIGNAME=gcc-debug all 
ln -sf out/gcc-debug//ib .

**** Build Finished ****
